<?xml version="1.0" encoding="UTF-8"?>
<!-- Generated by org.testng.reporters.JUnitReportReporter -->
<testsuite hostname="Shubham" failures="0" tests="1" name="testNG.Assertion1" time="4.480" errors="0" timestamp="2023-08-14T01:33:31 IST" skipped="0">
  <testcase classname="testNG.Assertion1" name="asser1" time="4.480"/>
</testsuite> <!-- testNG.Assertion1 -->
