<?xml version="1.0" encoding="UTF-8"?>
<!-- Generated by org.testng.reporters.JUnitReportReporter -->
<testsuite hostname="Shubham" failures="0" tests="1" name="testNG.Assertion2" time="0.019" errors="0" timestamp="2023-08-14T01:41:22 IST" skipped="0">
  <testcase classname="testNG.Assertion2" name="assert2" time="0.019"/>
</testsuite> <!-- testNG.Assertion2 -->
