<?xml version="1.0" encoding="UTF-8"?>
<!-- Generated by org.testng.reporters.JUnitReportReporter -->
<testsuite hostname="Shubham" failures="0" tests="2" name="testNG.TestNG7DependsOnMethod" time="0.010" errors="0" timestamp="2023-08-14T01:14:24 IST" skipped="0">
  <testcase classname="testNG.TestNG7DependsOnMethod" name="x" time="0.007"/>
  <testcase classname="testNG.TestNG7DependsOnMethod" name="y" time="0.003"/>
</testsuite> <!-- testNG.TestNG7DependsOnMethod -->
