<?xml version="1.0" encoding="UTF-8"?>
<!-- Generated by org.testng.reporters.JUnitReportReporter -->
<testsuite hostname="Shubham" failures="0" tests="1" name="restAssured.Get" time="2.767" errors="0" timestamp="2023-07-26T02:23:12 IST" skipped="0">
  <testcase classname="restAssured.Get" name="getMethod" time="2.767"/>
</testsuite> <!-- restAssured.Get -->
