<?xml version="1.0" encoding="UTF-8"?>
<!-- Generated by org.testng.reporters.JUnitReportReporter -->
<testsuite hostname="Shubham" failures="0" tests="4" name="testNG.TestNG6MixTests" time="0.022" errors="0" timestamp="2023-08-14T01:06:57 IST" skipped="1">
  <testcase classname="testNG.TestNG6MixTests" name="a" time="0.018"/>
  <testcase classname="testNG.TestNG6MixTests" name="c" time="0.003"/>
  <testcase classname="testNG.TestNG6MixTests" name="d" time="0.001"/>
  <testcase classname="testNG.TestNG6MixTests" name="b">
    <skipped/>
  </testcase> <!-- b -->
</testsuite> <!-- testNG.TestNG6MixTests -->
