<?xml version="1.0" encoding="UTF-8"?>
<!-- Generated by org.testng.reporters.JUnitReportReporter -->
<testsuite hostname="Shubham" failures="0" tests="4" name="testNG.TestNG4SkipTest" time="0.010" errors="0" timestamp="2023-08-14T00:51:03 IST" skipped="2">
  <testcase classname="testNG.TestNG4SkipTest" name="f" time="0.002">
    <skipped/>
  </testcase> <!-- f -->
  <testcase classname="testNG.TestNG4SkipTest" name="c" time="0.007"/>
  <testcase classname="testNG.TestNG4SkipTest" name="e" time="0.001"/>
  <testcase classname="testNG.TestNG4SkipTest" name="b">
    <skipped/>
  </testcase> <!-- b -->
</testsuite> <!-- testNG.TestNG4SkipTest -->
