<?xml version="1.0" encoding="UTF-8"?>
<!-- Generated by org.testng.reporters.JUnitReportReporter -->
<testsuite hostname="Shubham" failures="0" tests="4" name="testNG.TestNG2" time="0.010" errors="0" timestamp="2023-08-14T00:35:15 IST" skipped="0">
  <testcase classname="testNG.TestNG2" name="z" time="0.001"/>
  <testcase classname="testNG.TestNG2" name="a3" time="0.001"/>
  <testcase classname="testNG.TestNG2" name="ab" time="0.001"/>
  <testcase classname="testNG.TestNG2" name="a1" time="0.007"/>
</testsuite> <!-- testNG.TestNG2 -->
