<?xml version="1.0" encoding="UTF-8"?>
<!-- Generated by org.testng.reporters.JUnitReportReporter -->
<testsuite hostname="Shubham" failures="0" tests="5" name="testNG.TestNG5MultipleTestRun" time="0.022" errors="0" timestamp="2023-08-14T00:57:05 IST" skipped="0">
  <testcase classname="testNG.TestNG5MultipleTestRun" name="a" time="0.008"/>
  <testcase classname="testNG.TestNG5MultipleTestRun" name="a" time="0.007"/>
  <testcase classname="testNG.TestNG5MultipleTestRun" name="b" time="0.003"/>
  <testcase classname="testNG.TestNG5MultipleTestRun" name="b" time="0.002"/>
  <testcase classname="testNG.TestNG5MultipleTestRun" name="b" time="0.002"/>
</testsuite> <!-- testNG.TestNG5MultipleTestRun -->
