<?xml version="1.0" encoding="UTF-8"?>
<!-- Generated by org.testng.reporters.JUnitReportReporter -->
<testsuite hostname="Shubham" failures="0" tests="5" name="testNG.TestNG3Prioritization" time="0.015" errors="0" timestamp="2023-08-14T00:40:40 IST" skipped="0">
  <testcase classname="testNG.TestNG3Prioritization" name="e" time="0.009"/>
  <testcase classname="testNG.TestNG3Prioritization" name="c" time="0.003"/>
  <testcase classname="testNG.TestNG3Prioritization" name="d" time="0.001"/>
  <testcase classname="testNG.TestNG3Prioritization" name="a" time="0.001"/>
  <testcase classname="testNG.TestNG3Prioritization" name="b" time="0.001"/>
</testsuite> <!-- testNG.TestNG3Prioritization -->
