<?xml version="1.0" encoding="UTF-8"?>
<!-- Generated by org.testng.reporters.JUnitReportReporter -->
<testsuite hostname="Shubham" failures="0" tests="2" name="testNG.TestNG1" time="0.015" errors="0" timestamp="2023-08-14T00:22:25 IST" skipped="0">
  <testcase classname="testNG.TestNG1" name="a1" time="0.013"/>
  <testcase classname="testNG.TestNG1" name="a2" time="0.002"/>
</testsuite> <!-- testNG.TestNG1 -->
